2025-10-15 17:51:25,150:INFO:discord_bot: Procurando por cogs para carregar...
2025-10-15 17:51:25,153:INFO:discord_bot: Configurações do 'ExoneracoesCog' carregadas com sucesso.
2025-10-15 17:51:25,155:INFO:discord_bot: Cog 'ExoneracoesCog' carregado e View persistente registrada.
2025-10-15 17:51:25,155:INFO:discord_bot: Cog 'cogs.exoneracoes_cog' carregado com sucesso.
2025-10-15 17:51:25,170:INFO:discord_bot: Configurações do 'VerificarPromocaoCog' carregadas.
2025-10-15 17:51:25,172:INFO:discord_bot: Cog 'VerificarPromocaoCog' carregado.
2025-10-15 17:51:25,172:INFO:discord_bot: Cog 'cogs.verificar_promocao_cog' carregado com sucesso.
2025-10-15 17:51:25,173:INFO:discord_bot: Configurações do 'BoletimCog' carregadas com sucesso.
2025-10-15 17:51:25,175:INFO:discord_bot: Cog 'BoletimCog' carregado e View persistente registrada.
2025-10-15 17:51:25,175:INFO:discord_bot: Cog 'cogs.boletim_cog' carregado com sucesso.
2025-10-15 17:51:25,176:INFO:discord_bot: Configurações do 'SetagemCog' carregadas com sucesso.
2025-10-15 17:51:25,179:INFO:discord_bot: Cog 'SetagemCog' carregado e Views persistentes registradas.
2025-10-15 17:51:25,182:INFO:discord_bot: Banco de dados de setagens verificado/criado.
2025-10-15 17:51:25,182:INFO:discord_bot: Cog 'cogs.setagem_cog' carregado com sucesso.
2025-10-15 17:51:25,188:INFO:discord_bot: Cog de Unidades carregado.
2025-10-15 17:51:25,191:INFO:discord_bot: Banco de dados das unidades verificado.
2025-10-15 17:51:25,191:INFO:discord_bot: Cog 'cogs.units_cog' carregado com sucesso.
2025-10-15 17:51:25,196:INFO:discord_bot: Cog 'AdvCog' carregado e tarefa de verificação de cargos iniciada.
2025-10-15 17:51:25,198:INFO:discord_bot: Banco de dados de advertências verificado/criado.
2025-10-15 17:51:25,199:INFO:discord_bot: Cog 'cogs.painel_adv_cog' carregado com sucesso.
2025-10-15 17:51:25,201:INFO:discord_bot: Configurações do 'PorteArmaCog' carregadas com sucesso.
2025-10-15 17:51:25,204:INFO:discord_bot: Cog 'PorteArmaCog' carregado e Views persistentes registradas.
2025-10-15 17:51:25,206:INFO:discord_bot: Banco de dados 'portes_arma' verificado/criado.
2025-10-15 17:51:25,207:INFO:discord_bot: Cog 'cogs.porte_arma_cog' carregado com sucesso.
2025-10-15 17:51:25,208:INFO:discord_bot: Configurações do 'DynamicReportCog' carregadas. 5 modelos de relatório encontrados.
2025-10-15 17:51:25,210:INFO:discord_bot: 5 Views de relatório persistentes registradas.
2025-10-15 17:51:25,210:INFO:discord_bot: Comando de painel /ocorrencia criado dinamicamente.
2025-10-15 17:51:25,211:INFO:discord_bot: Comando de painel /diligencia criado dinamicamente.
2025-10-15 17:51:25,211:INFO:discord_bot: Comando de painel /unidades criado dinamicamente.
2025-10-15 17:51:25,211:INFO:discord_bot: Comando de painel /pessoa criado dinamicamente.
2025-10-15 17:51:25,212:INFO:discord_bot: Comando de painel /anp criado dinamicamente.
2025-10-15 17:51:25,212:INFO:discord_bot: Cog 'cogs.dynamic_report_cog' carregado com sucesso.
2025-10-15 17:51:25,215:INFO:discord_bot: View 'ClockView' persistente registrada.
2025-10-15 17:51:25,218:INFO:discord_bot: Banco de dados do Ponto verificado/configurado.
2025-10-15 17:51:25,218:INFO:discord_bot: Cog 'cogs.ponto_cog' carregado com sucesso.
2025-10-15 17:51:25,250:INFO:discord_bot: Cog 'StatusCog' carregado e tarefa de atualização iniciada.
2025-10-15 17:51:25,250:INFO:discord_bot: Cog 'cogs.status_cog' carregado com sucesso.
2025-10-15 17:51:25,250:INFO:discord_bot: Configurações do 'VendaArmasCog' carregadas com sucesso.
2025-10-15 17:51:25,251:INFO:discord_bot: Cog 'VendaArmasCog' carregado e Views persistentes registradas.
2025-10-15 17:51:25,253:INFO:discord_bot: Banco de dados de venda de armas verificado/criado.
2025-10-15 17:51:25,253:INFO:discord_bot: Cog 'cogs.venda_armas_cog' carregado com sucesso.
2025-10-15 17:51:25,254:INFO:discord_bot: Configurações do 'PromocaoCog' carregadas.
2025-10-15 17:51:25,255:INFO:discord_bot: Cog 'PromocaoCog' carregado e tarefa de verificação iniciada.
2025-10-15 17:51:25,258:INFO:discord_bot: Banco de dados de promoções verificado/criado.
2025-10-15 17:51:25,258:INFO:discord_bot: Cog 'cogs.promocao_cog' carregado com sucesso.
2025-10-15 17:51:26,424:INFO:discord_bot: Cog 'RelatorioPontoCog' carregado.
2025-10-15 17:51:26,424:INFO:discord_bot: Cog 'cogs.relatorio_ponto_cog' carregado com sucesso.
2025-10-15 17:51:26,425:INFO:discord_bot: Configurações do 'InfracoesCog' carregadas com sucesso.
2025-10-15 17:51:26,426:INFO:discord_bot: Cog 'InfracoesCog' carregado e View persistente registrada.
2025-10-15 17:51:26,426:INFO:discord_bot: Cog 'cogs.infracoes_cog' carregado com sucesso.
2025-10-15 17:51:26,428:INFO:discord_bot: Cog 'AusenciaCog' carregado e tarefa de verificação de ausências iniciada.
2025-10-15 17:51:26,430:INFO:discord_bot: Banco de dados de ausências verificado/criado.
2025-10-15 17:51:26,430:INFO:discord_bot: Cog 'cogs.ausencia_cog' carregado com sucesso.
2025-10-15 17:51:26,430:INFO:discord_bot: Configurações do 'ServicosCog' carregadas com sucesso.
2025-10-15 17:51:26,431:INFO:discord_bot: Cog 'ServicosCog' carregado e Views persistentes registradas.
2025-10-15 17:51:26,431:INFO:discord_bot: Cog 'cogs.servicos_cog' carregado com sucesso.
2025-10-15 17:51:26,557:INFO:discord_bot: 17 comandos de barra sincronizados com o servidor 1395557882191151126.
2025-10-15 17:51:28,905:INFO:discord_bot: Executando verificação de aquisições de armas expiradas...
2025-10-15 17:51:28,906:INFO:discord_bot: Executando tarefa de verificação de promoções...
2025-10-15 17:51:28,907:INFO:discord_bot: Bot conectado como Polícia Federal
2025-10-15 17:51:28,921:INFO:discord_bot: Encontradas 8 ausências para finalizar.
2025-10-15 17:51:29,079:INFO:discord_bot: Tarefa de verificação de promoções concluída.
2025-10-15 17:51:29,081:ERROR:discord_bot: A mensagem do painel de status (ID: 1397470583146549268) não foi encontrada. Use /painel_status para recriá-la.
2025-10-15 17:51:29,118:INFO:discord_bot: 9 notificações de aquisição enviadas.
